

Microchip Technology PIC PRO Macro Assembler V1.21 build 54009 
                                                                                               Tue Jan 14 17:57:10 2014

Microchip Technology Omniscient Code Generator (PRO mode) build 54009
     1                           	processor	16F1508
     2                           	opt	pw 120
     3                           	opt	pm
     4                           	psect	text0,local,class=CODE,merge=1,delta=2
     5                           	psect	cinit,global,class=CODE,merge=1,delta=2
     6                           	psect	cstackCOMMON,global,class=COMMON,space=1,delta=1
     7                           	psect	pa_nodes,global,class=CODE,delta=2
     8                           	dabs	1,0x7E,2
     9  0000                     	;# 
    10  0001                     	;# 
    11  0002                     	;# 
    12  0003                     	;# 
    13  0004                     	;# 
    14  0005                     	;# 
    15  0006                     	;# 
    16  0007                     	;# 
    17  0008                     	;# 
    18  0009                     	;# 
    19  000A                     	;# 
    20  000B                     	;# 
    21  000C                     	;# 
    22  000D                     	;# 
    23  000E                     	;# 
    24  0011                     	;# 
    25  0012                     	;# 
    26  0013                     	;# 
    27  0015                     	;# 
    28  0016                     	;# 
    29  0016                     	;# 
    30  0017                     	;# 
    31  0018                     	;# 
    32  0019                     	;# 
    33  001A                     	;# 
    34  001B                     	;# 
    35  001C                     	;# 
    36  008C                     	;# 
    37  008D                     	;# 
    38  008E                     	;# 
    39  0091                     	;# 
    40  0092                     	;# 
    41  0093                     	;# 
    42  0095                     	;# 
    43  0096                     	;# 
    44  0097                     	;# 
    45  0099                     	;# 
    46  009A                     	;# 
    47  009B                     	;# 
    48  009B                     	;# 
    49  009C                     	;# 
    50  009D                     	;# 
    51  009E                     	;# 
    52  009F                     	;# 
    53  010C                     	;# 
    54  010D                     	;# 
    55  010E                     	;# 
    56  0111                     	;# 
    57  0112                     	;# 
    58  0113                     	;# 
    59  0114                     	;# 
    60  0115                     	;# 
    61  0116                     	;# 
    62  0117                     	;# 
    63  0118                     	;# 
    64  0119                     	;# 
    65  011D                     	;# 
    66  018C                     	;# 
    67  018D                     	;# 
    68  018E                     	;# 
    69  0191                     	;# 
    70  0191                     	;# 
    71  0192                     	;# 
    72  0193                     	;# 
    73  0193                     	;# 
    74  0194                     	;# 
    75  0195                     	;# 
    76  0196                     	;# 
    77  0197                     	;# 
    78  0199                     	;# 
    79  019A                     	;# 
    80  019B                     	;# 
    81  019B                     	;# 
    82  019C                     	;# 
    83  019D                     	;# 
    84  019E                     	;# 
    85  019F                     	;# 
    86  020C                     	;# 
    87  020D                     	;# 
    88  0211                     	;# 
    89  0211                     	;# 
    90  0212                     	;# 
    91  0212                     	;# 
    92  0213                     	;# 
    93  0213                     	;# 
    94  0214                     	;# 
    95  0214                     	;# 
    96  0215                     	;# 
    97  0215                     	;# 
    98  0215                     	;# 
    99  0216                     	;# 
   100  0216                     	;# 
   101  0217                     	;# 
   102  0217                     	;# 
   103  0391                     	;# 
   104  0392                     	;# 
   105  0393                     	;# 
   106  0394                     	;# 
   107  0395                     	;# 
   108  0396                     	;# 
   109  0498                     	;# 
   110  0498                     	;# 
   111  0499                     	;# 
   112  049A                     	;# 
   113  049B                     	;# 
   114  049B                     	;# 
   115  049C                     	;# 
   116  049E                     	;# 
   117  049F                     	;# 
   118  0611                     	;# 
   119  0612                     	;# 
   120  0613                     	;# 
   121  0613                     	;# 
   122  0614                     	;# 
   123  0615                     	;# 
   124  0616                     	;# 
   125  0616                     	;# 
   126  0617                     	;# 
   127  0618                     	;# 
   128  0619                     	;# 
   129  0619                     	;# 
   130  061A                     	;# 
   131  061B                     	;# 
   132  061C                     	;# 
   133  061C                     	;# 
   134  0691                     	;# 
   135  0692                     	;# 
   136  0693                     	;# 
   137  0694                     	;# 
   138  0695                     	;# 
   139  0F0F                     	;# 
   140  0F10                     	;# 
   141  0F11                     	;# 
   142  0F12                     	;# 
   143  0F13                     	;# 
   144  0F14                     	;# 
   145  0F15                     	;# 
   146  0F16                     	;# 
   147  0F17                     	;# 
   148  0F18                     	;# 
   149  0F19                     	;# 
   150  0F1A                     	;# 
   151  0F1B                     	;# 
   152  0F1C                     	;# 
   153  0F1D                     	;# 
   154  0F1E                     	;# 
   155  0F1F                     	;# 
   156  0F20                     	;# 
   157  0F21                     	;# 
   158  0F22                     	;# 
   159  0F23                     	;# 
   160  0F24                     	;# 
   161  0F25                     	;# 
   162  0F26                     	;# 
   163  0F27                     	;# 
   164  0F28                     	;# 
   165  0F29                     	;# 
   166  0F2A                     	;# 
   167  0F2B                     	;# 
   168  0F2C                     	;# 
   169  0F2D                     	;# 
   170  0F2E                     	;# 
   171  0F2F                     	;# 
   172  0F8C                     	;# 
   173  0F8D                     	;# 
   174  0F91                     	;# 
   175  0F95                     	;# 
   176  0F96                     	;# 
   177  0F97                     	;# 
   178  0F9C                     	;# 
   179  0F9D                     	;# 
   180  0F9E                     	;# 
   181  0FE3                     	;# 
   182  0FE4                     	;# 
   183  0FE5                     	;# 
   184  0FE6                     	;# 
   185  0FE7                     	;# 
   186  0FE8                     	;# 
   187  0FE9                     	;# 
   188  0FEA                     	;# 
   189  0FEB                     	;# 
   190  0FED                     	;# 
   191  0FEE                     	;# 
   192  0FEF                     	;# 
   193  0000                     	;# 
   194  0001                     	;# 
   195  0002                     	;# 
   196  0003                     	;# 
   197  0004                     	;# 
   198  0005                     	;# 
   199  0006                     	;# 
   200  0007                     	;# 
   201  0008                     	;# 
   202  0009                     	;# 
   203  000A                     	;# 
   204  000B                     	;# 
   205  000C                     	;# 
   206  000D                     	;# 
   207  000E                     	;# 
   208  0011                     	;# 
   209  0012                     	;# 
   210  0013                     	;# 
   211  0015                     	;# 
   212  0016                     	;# 
   213  0016                     	;# 
   214  0017                     	;# 
   215  0018                     	;# 
   216  0019                     	;# 
   217  001A                     	;# 
   218  001B                     	;# 
   219  001C                     	;# 
   220  008C                     	;# 
   221  008D                     	;# 
   222  008E                     	;# 
   223  0091                     	;# 
   224  0092                     	;# 
   225  0093                     	;# 
   226  0095                     	;# 
   227  0096                     	;# 
   228  0097                     	;# 
   229  0099                     	;# 
   230  009A                     	;# 
   231  009B                     	;# 
   232  009B                     	;# 
   233  009C                     	;# 
   234  009D                     	;# 
   235  009E                     	;# 
   236  009F                     	;# 
   237  010C                     	;# 
   238  010D                     	;# 
   239  010E                     	;# 
   240  0111                     	;# 
   241  0112                     	;# 
   242  0113                     	;# 
   243  0114                     	;# 
   244  0115                     	;# 
   245  0116                     	;# 
   246  0117                     	;# 
   247  0118                     	;# 
   248  0119                     	;# 
   249  011D                     	;# 
   250  018C                     	;# 
   251  018D                     	;# 
   252  018E                     	;# 
   253  0191                     	;# 
   254  0191                     	;# 
   255  0192                     	;# 
   256  0193                     	;# 
   257  0193                     	;# 
   258  0194                     	;# 
   259  0195                     	;# 
   260  0196                     	;# 
   261  0197                     	;# 
   262  0199                     	;# 
   263  019A                     	;# 
   264  019B                     	;# 
   265  019B                     	;# 
   266  019C                     	;# 
   267  019D                     	;# 
   268  019E                     	;# 
   269  019F                     	;# 
   270  020C                     	;# 
   271  020D                     	;# 
   272  0211                     	;# 
   273  0211                     	;# 
   274  0212                     	;# 
   275  0212                     	;# 
   276  0213                     	;# 
   277  0213                     	;# 
   278  0214                     	;# 
   279  0214                     	;# 
   280  0215                     	;# 
   281  0215                     	;# 
   282  0215                     	;# 
   283  0216                     	;# 
   284  0216                     	;# 
   285  0217                     	;# 
   286  0217                     	;# 
   287  0391                     	;# 
   288  0392                     	;# 
   289  0393                     	;# 
   290  0394                     	;# 
   291  0395                     	;# 
   292  0396                     	;# 
   293  0498                     	;# 
   294  0498                     	;# 
   295  0499                     	;# 
   296  049A                     	;# 
   297  049B                     	;# 
   298  049B                     	;# 
   299  049C                     	;# 
   300  049E                     	;# 
   301  049F                     	;# 
   302  0611                     	;# 
   303  0612                     	;# 
   304  0613                     	;# 
   305  0613                     	;# 
   306  0614                     	;# 
   307  0615                     	;# 
   308  0616                     	;# 
   309  0616                     	;# 
   310  0617                     	;# 
   311  0618                     	;# 
   312  0619                     	;# 
   313  0619                     	;# 
   314  061A                     	;# 
   315  061B                     	;# 
   316  061C                     	;# 
   317  061C                     	;# 
   318  0691                     	;# 
   319  0692                     	;# 
   320  0693                     	;# 
   321  0694                     	;# 
   322  0695                     	;# 
   323  0F0F                     	;# 
   324  0F10                     	;# 
   325  0F11                     	;# 
   326  0F12                     	;# 
   327  0F13                     	;# 
   328  0F14                     	;# 
   329  0F15                     	;# 
   330  0F16                     	;# 
   331  0F17                     	;# 
   332  0F18                     	;# 
   333  0F19                     	;# 
   334  0F1A                     	;# 
   335  0F1B                     	;# 
   336  0F1C                     	;# 
   337  0F1D                     	;# 
   338  0F1E                     	;# 
   339  0F1F                     	;# 
   340  0F20                     	;# 
   341  0F21                     	;# 
   342  0F22                     	;# 
   343  0F23                     	;# 
   344  0F24                     	;# 
   345  0F25                     	;# 
   346  0F26                     	;# 
   347  0F27                     	;# 
   348  0F28                     	;# 
   349  0F29                     	;# 
   350  0F2A                     	;# 
   351  0F2B                     	;# 
   352  0F2C                     	;# 
   353  0F2D                     	;# 
   354  0F2E                     	;# 
   355  0F2F                     	;# 
   356  0F8C                     	;# 
   357  0F8D                     	;# 
   358  0F91                     	;# 
   359  0F95                     	;# 
   360  0F96                     	;# 
   361  0F97                     	;# 
   362  0F9C                     	;# 
   363  0F9D                     	;# 
   364  0F9E                     	;# 
   365  0FE3                     	;# 
   366  0FE4                     	;# 
   367  0FE5                     	;# 
   368  0FE6                     	;# 
   369  0FE7                     	;# 
   370  0FE8                     	;# 
   371  0FE9                     	;# 
   372  0FEA                     	;# 
   373  0FEB                     	;# 
   374  0FED                     	;# 
   375  0FEE                     	;# 
   376  0FEF                     	;# 
   377  0000                     	;# 
   378  0001                     	;# 
   379  0002                     	;# 
   380  0003                     	;# 
   381  0004                     	;# 
   382  0005                     	;# 
   383  0006                     	;# 
   384  0007                     	;# 
   385  0008                     	;# 
   386  0009                     	;# 
   387  000A                     	;# 
   388  000B                     	;# 
   389  000C                     	;# 
   390  000D                     	;# 
   391  000E                     	;# 
   392  0011                     	;# 
   393  0012                     	;# 
   394  0013                     	;# 
   395  0015                     	;# 
   396  0016                     	;# 
   397  0016                     	;# 
   398  0017                     	;# 
   399  0018                     	;# 
   400  0019                     	;# 
   401  001A                     	;# 
   402  001B                     	;# 
   403  001C                     	;# 
   404  008C                     	;# 
   405  008D                     	;# 
   406  008E                     	;# 
   407  0091                     	;# 
   408  0092                     	;# 
   409  0093                     	;# 
   410  0095                     	;# 
   411  0096                     	;# 
   412  0097                     	;# 
   413  0099                     	;# 
   414  009A                     	;# 
   415  009B                     	;# 
   416  009B                     	;# 
   417  009C                     	;# 
   418  009D                     	;# 
   419  009E                     	;# 
   420  009F                     	;# 
   421  010C                     	;# 
   422  010D                     	;# 
   423  010E                     	;# 
   424  0111                     	;# 
   425  0112                     	;# 
   426  0113                     	;# 
   427  0114                     	;# 
   428  0115                     	;# 
   429  0116                     	;# 
   430  0117                     	;# 
   431  0118                     	;# 
   432  0119                     	;# 
   433  011D                     	;# 
   434  018C                     	;# 
   435  018D                     	;# 
   436  018E                     	;# 
   437  0191                     	;# 
   438  0191                     	;# 
   439  0192                     	;# 
   440  0193                     	;# 
   441  0193                     	;# 
   442  0194                     	;# 
   443  0195                     	;# 
   444  0196                     	;# 
   445  0197                     	;# 
   446  0199                     	;# 
   447  019A                     	;# 
   448  019B                     	;# 
   449  019B                     	;# 
   450  019C                     	;# 
   451  019D                     	;# 
   452  019E                     	;# 
   453  019F                     	;# 
   454  020C                     	;# 
   455  020D                     	;# 
   456  0211                     	;# 
   457  0211                     	;# 
   458  0212                     	;# 
   459  0212                     	;# 
   460  0213                     	;# 
   461  0213                     	;# 
   462  0214                     	;# 
   463  0214                     	;# 
   464  0215                     	;# 
   465  0215                     	;# 
   466  0215                     	;# 
   467  0216                     	;# 
   468  0216                     	;# 
   469  0217                     	;# 
   470  0217                     	;# 
   471  0391                     	;# 
   472  0392                     	;# 
   473  0393                     	;# 
   474  0394                     	;# 
   475  0395                     	;# 
   476  0396                     	;# 
   477  0498                     	;# 
   478  0498                     	;# 
   479  0499                     	;# 
   480  049A                     	;# 
   481  049B                     	;# 
   482  049B                     	;# 
   483  049C                     	;# 
   484  049E                     	;# 
   485  049F                     	;# 
   486  0611                     	;# 
   487  0612                     	;# 
   488  0613                     	;# 
   489  0613                     	;# 
   490  0614                     	;# 
   491  0615                     	;# 
   492  0616                     	;# 
   493  0616                     	;# 
   494  0617                     	;# 
   495  0618                     	;# 
   496  0619                     	;# 
   497  0619                     	;# 
   498  061A                     	;# 
   499  061B                     	;# 
   500  061C                     	;# 
   501  061C                     	;# 
   502  0691                     	;# 
   503  0692                     	;# 
   504  0693                     	;# 
   505  0694                     	;# 
   506  0695                     	;# 
   507  0F0F                     	;# 
   508  0F10                     	;# 
   509  0F11                     	;# 
   510  0F12                     	;# 
   511  0F13                     	;# 
   512  0F14                     	;# 
   513  0F15                     	;# 
   514  0F16                     	;# 
   515  0F17                     	;# 
   516  0F18                     	;# 
   517  0F19                     	;# 
   518  0F1A                     	;# 
   519  0F1B                     	;# 
   520  0F1C                     	;# 
   521  0F1D                     	;# 
   522  0F1E                     	;# 
   523  0F1F                     	;# 
   524  0F20                     	;# 
   525  0F21                     	;# 
   526  0F22                     	;# 
   527  0F23                     	;# 
   528  0F24                     	;# 
   529  0F25                     	;# 
   530  0F26                     	;# 
   531  0F27                     	;# 
   532  0F28                     	;# 
   533  0F29                     	;# 
   534  0F2A                     	;# 
   535  0F2B                     	;# 
   536  0F2C                     	;# 
   537  0F2D                     	;# 
   538  0F2E                     	;# 
   539  0F2F                     	;# 
   540  0F8C                     	;# 
   541  0F8D                     	;# 
   542  0F91                     	;# 
   543  0F95                     	;# 
   544  0F96                     	;# 
   545  0F97                     	;# 
   546  0F9C                     	;# 
   547  0F9D                     	;# 
   548  0F9E                     	;# 
   549  0FE3                     	;# 
   550  0FE4                     	;# 
   551  0FE5                     	;# 
   552  0FE6                     	;# 
   553  0FE7                     	;# 
   554  0FE8                     	;# 
   555  0FE9                     	;# 
   556  0FEA                     	;# 
   557  0FEB                     	;# 
   558  0FED                     	;# 
   559  0FEE                     	;# 
   560  0FEF                     	;# 
   561  0000                     	;# 
   562  0001                     	;# 
   563  0002                     	;# 
   564  0003                     	;# 
   565  0004                     	;# 
   566  0005                     	;# 
   567  0006                     	;# 
   568  0007                     	;# 
   569  0008                     	;# 
   570  0009                     	;# 
   571  000A                     	;# 
   572  000B                     	;# 
   573  000C                     	;# 
   574  000D                     	;# 
   575  000E                     	;# 
   576  0011                     	;# 
   577  0012                     	;# 
   578  0013                     	;# 
   579  0015                     	;# 
   580  0016                     	;# 
   581  0016                     	;# 
   582  0017                     	;# 
   583  0018                     	;# 
   584  0019                     	;# 
   585  001A                     	;# 
   586  001B                     	;# 
   587  001C                     	;# 
   588  008C                     	;# 
   589  008D                     	;# 
   590  008E                     	;# 
   591  0091                     	;# 
   592  0092                     	;# 
   593  0093                     	;# 
   594  0095                     	;# 
   595  0096                     	;# 
   596  0097                     	;# 
   597  0099                     	;# 
   598  009A                     	;# 
   599  009B                     	;# 
   600  009B                     	;# 
   601  009C                     	;# 
   602  009D                     	;# 
   603  009E                     	;# 
   604  009F                     	;# 
   605  010C                     	;# 
   606  010D                     	;# 
   607  010E                     	;# 
   608  0111                     	;# 
   609  0112                     	;# 
   610  0113                     	;# 
   611  0114                     	;# 
   612  0115                     	;# 
   613  0116                     	;# 
   614  0117                     	;# 
   615  0118                     	;# 
   616  0119                     	;# 
   617  011D                     	;# 
   618  018C                     	;# 
   619  018D                     	;# 
   620  018E                     	;# 
   621  0191                     	;# 
   622  0191                     	;# 
   623  0192                     	;# 
   624  0193                     	;# 
   625  0193                     	;# 
   626  0194                     	;# 
   627  0195                     	;# 
   628  0196                     	;# 
   629  0197                     	;# 
   630  0199                     	;# 
   631  019A                     	;# 
   632  019B                     	;# 
   633  019B                     	;# 
   634  019C                     	;# 
   635  019D                     	;# 
   636  019E                     	;# 
   637  019F                     	;# 
   638  020C                     	;# 
   639  020D                     	;# 
   640  0211                     	;# 
   641  0211                     	;# 
   642  0212                     	;# 
   643  0212                     	;# 
   644  0213                     	;# 
   645  0213                     	;# 
   646  0214                     	;# 
   647  0214                     	;# 
   648  0215                     	;# 
   649  0215                     	;# 
   650  0215                     	;# 
   651  0216                     	;# 
   652  0216                     	;# 
   653  0217                     	;# 
   654  0217                     	;# 
   655  0391                     	;# 
   656  0392                     	;# 
   657  0393                     	;# 
   658  0394                     	;# 
   659  0395                     	;# 
   660  0396                     	;# 
   661  0498                     	;# 
   662  0498                     	;# 
   663  0499                     	;# 
   664  049A                     	;# 
   665  049B                     	;# 
   666  049B                     	;# 
   667  049C                     	;# 
   668  049E                     	;# 
   669  049F                     	;# 
   670  0611                     	;# 
   671  0612                     	;# 
   672  0613                     	;# 
   673  0613                     	;# 
   674  0614                     	;# 
   675  0615                     	;# 
   676  0616                     	;# 
   677  0616                     	;# 
   678  0617                     	;# 
   679  0618                     	;# 
   680  0619                     	;# 
   681  0619                     	;# 
   682  061A                     	;# 
   683  061B                     	;# 
   684  061C                     	;# 
   685  061C                     	;# 
   686  0691                     	;# 
   687  0692                     	;# 
   688  0693                     	;# 
   689  0694                     	;# 
   690  0695                     	;# 
   691  0F0F                     	;# 
   692  0F10                     	;# 
   693  0F11                     	;# 
   694  0F12                     	;# 
   695  0F13                     	;# 
   696  0F14                     	;# 
   697  0F15                     	;# 
   698  0F16                     	;# 
   699  0F17                     	;# 
   700  0F18                     	;# 
   701  0F19                     	;# 
   702  0F1A                     	;# 
   703  0F1B                     	;# 
   704  0F1C                     	;# 
   705  0F1D                     	;# 
   706  0F1E                     	;# 
   707  0F1F                     	;# 
   708  0F20                     	;# 
   709  0F21                     	;# 
   710  0F22                     	;# 
   711  0F23                     	;# 
   712  0F24                     	;# 
   713  0F25                     	;# 
   714  0F26                     	;# 
   715  0F27                     	;# 
   716  0F28                     	;# 
   717  0F29                     	;# 
   718  0F2A                     	;# 
   719  0F2B                     	;# 
   720  0F2C                     	;# 
   721  0F2D                     	;# 
   722  0F2E                     	;# 
   723  0F2F                     	;# 
   724  0F8C                     	;# 
   725  0F8D                     	;# 
   726  0F91                     	;# 
   727  0F95                     	;# 
   728  0F96                     	;# 
   729  0F97                     	;# 
   730  0F9C                     	;# 
   731  0F9D                     	;# 
   732  0F9E                     	;# 
   733  0FE3                     	;# 
   734  0FE4                     	;# 
   735  0FE5                     	;# 
   736  0FE6                     	;# 
   737  0FE7                     	;# 
   738  0FE8                     	;# 
   739  0FE9                     	;# 
   740  0FEA                     	;# 
   741  0FEB                     	;# 
   742  0FED                     	;# 
   743  0FEE                     	;# 
   744  0FEF                     	;# 
   745  0000                     	;# 
   746  0001                     	;# 
   747  0002                     	;# 
   748  0003                     	;# 
   749  0004                     	;# 
   750  0005                     	;# 
   751  0006                     	;# 
   752  0007                     	;# 
   753  0008                     	;# 
   754  0009                     	;# 
   755  000A                     	;# 
   756  000B                     	;# 
   757  000C                     	;# 
   758  000D                     	;# 
   759  000E                     	;# 
   760  0011                     	;# 
   761  0012                     	;# 
   762  0013                     	;# 
   763  0015                     	;# 
   764  0016                     	;# 
   765  0016                     	;# 
   766  0017                     	;# 
   767  0018                     	;# 
   768  0019                     	;# 
   769  001A                     	;# 
   770  001B                     	;# 
   771  001C                     	;# 
   772  008C                     	;# 
   773  008D                     	;# 
   774  008E                     	;# 
   775  0091                     	;# 
   776  0092                     	;# 
   777  0093                     	;# 
   778  0095                     	;# 
   779  0096                     	;# 
   780  0097                     	;# 
   781  0099                     	;# 
   782  009A                     	;# 
   783  009B                     	;# 
   784  009B                     	;# 
   785  009C                     	;# 
   786  009D                     	;# 
   787  009E                     	;# 
   788  009F                     	;# 
   789  010C                     	;# 
   790  010D                     	;# 
   791  010E                     	;# 
   792  0111                     	;# 
   793  0112                     	;# 
   794  0113                     	;# 
   795  0114                     	;# 
   796  0115                     	;# 
   797  0116                     	;# 
   798  0117                     	;# 
   799  0118                     	;# 
   800  0119                     	;# 
   801  011D                     	;# 
   802  018C                     	;# 
   803  018D                     	;# 
   804  018E                     	;# 
   805  0191                     	;# 
   806  0191                     	;# 
   807  0192                     	;# 
   808  0193                     	;# 
   809  0193                     	;# 
   810  0194                     	;# 
   811  0195                     	;# 
   812  0196                     	;# 
   813  0197                     	;# 
   814  0199                     	;# 
   815  019A                     	;# 
   816  019B                     	;# 
   817  019B                     	;# 
   818  019C                     	;# 
   819  019D                     	;# 
   820  019E                     	;# 
   821  019F                     	;# 
   822  020C                     	;# 
   823  020D                     	;# 
   824  0211                     	;# 
   825  0211                     	;# 
   826  0212                     	;# 
   827  0212                     	;# 
   828  0213                     	;# 
   829  0213                     	;# 
   830  0214                     	;# 
   831  0214                     	;# 
   832  0215                     	;# 
   833  0215                     	;# 
   834  0215                     	;# 
   835  0216                     	;# 
   836  0216                     	;# 
   837  0217                     	;# 
   838  0217                     	;# 
   839  0391                     	;# 
   840  0392                     	;# 
   841  0393                     	;# 
   842  0394                     	;# 
   843  0395                     	;# 
   844  0396                     	;# 
   845  0498                     	;# 
   846  0498                     	;# 
   847  0499                     	;# 
   848  049A                     	;# 
   849  049B                     	;# 
   850  049B                     	;# 
   851  049C                     	;# 
   852  049E                     	;# 
   853  049F                     	;# 
   854  0611                     	;# 
   855  0612                     	;# 
   856  0613                     	;# 
   857  0613                     	;# 
   858  0614                     	;# 
   859  0615                     	;# 
   860  0616                     	;# 
   861  0616                     	;# 
   862  0617                     	;# 
   863  0618                     	;# 
   864  0619                     	;# 
   865  0619                     	;# 
   866  061A                     	;# 
   867  061B                     	;# 
   868  061C                     	;# 
   869  061C                     	;# 
   870  0691                     	;# 
   871  0692                     	;# 
   872  0693                     	;# 
   873  0694                     	;# 
   874  0695                     	;# 
   875  0F0F                     	;# 
   876  0F10                     	;# 
   877  0F11                     	;# 
   878  0F12                     	;# 
   879  0F13                     	;# 
   880  0F14                     	;# 
   881  0F15                     	;# 
   882  0F16                     	;# 
   883  0F17                     	;# 
   884  0F18                     	;# 
   885  0F19                     	;# 
   886  0F1A                     	;# 
   887  0F1B                     	;# 
   888  0F1C                     	;# 
   889  0F1D                     	;# 
   890  0F1E                     	;# 
   891  0F1F                     	;# 
   892  0F20                     	;# 
   893  0F21                     	;# 
   894  0F22                     	;# 
   895  0F23                     	;# 
   896  0F24                     	;# 
   897  0F25                     	;# 
   898  0F26                     	;# 
   899  0F27                     	;# 
   900  0F28                     	;# 
   901  0F29                     	;# 
   902  0F2A                     	;# 
   903  0F2B                     	;# 
   904  0F2C                     	;# 
   905  0F2D                     	;# 
   906  0F2E                     	;# 
   907  0F2F                     	;# 
   908  0F8C                     	;# 
   909  0F8D                     	;# 
   910  0F91                     	;# 
   911  0F95                     	;# 
   912  0F96                     	;# 
   913  0F97                     	;# 
   914  0F9C                     	;# 
   915  0F9D                     	;# 
   916  0F9E                     	;# 
   917  0FE3                     	;# 
   918  0FE4                     	;# 
   919  0FE5                     	;# 
   920  0FE6                     	;# 
   921  0FE7                     	;# 
   922  0FE8                     	;# 
   923  0FE9                     	;# 
   924  0FEA                     	;# 
   925  0FEB                     	;# 
   926  0FED                     	;# 
   927  0FEE                     	;# 
   928  0FEF                     	;# 
   929  000D                     _PORTBbits	set	13
   930  009D                     _ADCON0	set	157
   931  009E                     _ADCON1	set	158
   932  009F                     _ADCON2	set	159
   933  0099                     _OSCCON	set	153
   934  008C                     _TRISAbits	set	140
   935  008D                     _TRISBbits	set	141
   936  008E                     _TRISCbits	set	142
   937  0117                     _FVRCON	set	279
   938  010C                     _LATAbits	set	268
   939  010D                     _LATBbits	set	269
   940  010E                     _LATCbits	set	270
   941  018C                     _ANSELA	set	396
   942  018D                     _ANSELB	set	397
   943  018E                     _ANSELC	set	398
   944  020D                     _WPUBbits	set	525
   945                           
   946                           	psect	text0
   947  0000                     __ptext0:	
   948                           
   949                           ;psect for function _SoftI2cNop
   950                           ; #config settings
   951  0000                     
   952                           	psect	cinit
   953  0707                     start_initialization:	
   954  0707                     __initialization:	
   955  0707                     end_of_initialization:	
   956                           ;End of C runtime variable initialization code
   957                           
   958  0707                     __end_of__initialization:	
   959  0707  0020               	movlb	0
   960  0708  2F09               	ljmp	_main	;jump to C main() function
   961  0709                     __pmaintext:	
   962 ;;
   963 ;;Main: autosize = 0, tempsize = 0, incstack = 0, save=0
   964 ;;
   965 ;; *************** function _main *****************
   966 ;; Defined at:
   967 ;;		line 183 in file "../../../src/main.c"
   968 ;; Parameters:    Size  Location     Type
   969 ;;		None
   970 ;; Auto vars:     Size  Location     Type
   971 ;;  bf              8    4[COMMON] unsigned char [8]
   972 ;; Return value:  Size  Location     Type
   973 ;;                  2  141[COMMON] int 
   974 ;; Registers used:
   975 ;;		wreg, status,2, status,0, pclath, cstack
   976 ;; Tracked objects:
   977 ;;		On entry : 17F/0
   978 ;;		On exit  : 1F/2
   979 ;;		Unchanged: 0/0
   980 ;; Data sizes:     COMMON   BANK0   BANK1   BANK2
   981 ;;      Params:         0       0       0       0
   982 ;;      Locals:         8       0       0       0
   983 ;;      Temps:          0       0       0       0
   984 ;;      Totals:         8       0       0       0
   985 ;;Total ram usage:        8 bytes
   986 ;; Hardware stack levels required when called:    3
   987 ;; This function calls:
   988 ;;		_SoftI2cInit
   989 ;;		_AdcInit
   990 ;;		_initRFPorts
   991 ;;		_SPI_Write
   992 ;; This function is called by:
   993 ;;		Startup code after reset
   994 ;; This function uses a non-reentrant model
   995 ;;
   996                           
   997                           
   998                           ;psect for function _main
   999  0709                     _main:	
  1000                           
  1001                           ;main.c: 201: OSCCON = 0b00001000;
  1002                           
  1003                           ;incstack = 0
  1004                           ; Regs used in _main: [wreg+status,2+status,0+pclath+cstack]
  1005  0709  3008               	movlw	8
  1006  070A  0021               	movlb	1	; select bank1
  1007  070B  0099               	movwf	25	;volatile
  1008                           
  1009                           ;main.c: 206: AdcInit();
  1010  070C  278E  3187         	fcall	_AdcInit
  1011                           
  1012                           ;main.c: 209: SoftI2cInit();
  1013  070E  2729  3187         	fcall	_SoftI2cInit
  1014                           
  1015                           ;main.c: 210: initRFPorts();
  1016  0710  279D  3187         	fcall	_initRFPorts
  1017                           
  1018                           ;main.c: 249: LATCbits.LATC1 = 1;
  1019  0712  0022               	movlb	2	; select bank2
  1020  0713  148E               	bsf	14,1	;volatile
  1021                           
  1022                           ;main.c: 250: LATCbits.LATC2 = 1;
  1023  0714  150E               	bsf	14,2	;volatile
  1024                           
  1025                           ;main.c: 259: UI08_t bf[8];
  1026                           ;main.c: 261: bf[0] = 0x12;
  1027  0715  3012               	movlw	18
  1028  0716  00F4               	movwf	main@bf
  1029                           
  1030                           ;main.c: 262: bf[1] = 0x34;
  1031  0717  3034               	movlw	52
  1032  0718  00F5               	movwf	main@bf+1
  1033                           
  1034                           ;main.c: 263: bf[2] = 0x56;
  1035  0719  3056               	movlw	86
  1036  071A  00F6               	movwf	main@bf+2
  1037                           
  1038                           ;main.c: 264: bf[3] = 0x78;
  1039  071B  3078               	movlw	120
  1040  071C  00F7               	movwf	main@bf+3
  1041                           
  1042                           ;main.c: 265: bf[4] = 0x12;
  1043  071D  3012               	movlw	18
  1044  071E  00F8               	movwf	main@bf+4
  1045                           
  1046                           ;main.c: 266: bf[5] = 0x34;
  1047  071F  3034               	movlw	52
  1048  0720  00F9               	movwf	main@bf+5
  1049                           
  1050                           ;main.c: 267: bf[6] = 0x56;
  1051  0721  3056               	movlw	86
  1052  0722  00FA               	movwf	main@bf+6
  1053                           
  1054                           ;main.c: 268: bf[7] = 0x78;
  1055  0723  3078               	movlw	120
  1056  0724  00FB               	movwf	main@bf+7
  1057  0725                     l142:	
  1058                           ;main.c: 271: while (1)
  1059                           
  1060                           
  1061                           ;main.c: 272: {
  1062                           ;main.c: 273: SPI_Write(0x55);
  1063  0725  3055               	movlw	85
  1064  0726  27AB  3187         	fcall	_SPI_Write
  1065  0728  2F25               	goto	l142
  1066  0729                     __end_of_main:	
  1067  0729                     __ptext4:	
  1068 ;; *************** function _SoftI2cInit *****************
  1069 ;; Defined at:
  1070 ;;		line 4 in file "../../../src/bsp/softI2c.c"
  1071 ;; Parameters:    Size  Location     Type
  1072 ;;		None
  1073 ;; Auto vars:     Size  Location     Type
  1074 ;;		None
  1075 ;; Return value:  Size  Location     Type
  1076 ;;		None               void
  1077 ;; Registers used:
  1078 ;;		wreg, status,2, status,0, pclath, cstack
  1079 ;; Tracked objects:
  1080 ;;		On entry : 17F/1
  1081 ;;		On exit  : 1F/2
  1082 ;;		Unchanged: 0/0
  1083 ;; Data sizes:     COMMON   BANK0   BANK1   BANK2
  1084 ;;      Params:         0       0       0       0
  1085 ;;      Locals:         0       0       0       0
  1086 ;;      Temps:          0       0       0       0
  1087 ;;      Totals:         0       0       0       0
  1088 ;;Total ram usage:        0 bytes
  1089 ;; Hardware stack levels used:    1
  1090 ;; Hardware stack levels required when called:    2
  1091 ;; This function calls:
  1092 ;;		_SoftI2cStart
  1093 ;;		_SoftI2cTxByte
  1094 ;;		_SoftI2cStop
  1095 ;; This function is called by:
  1096 ;;		_main
  1097 ;; This function uses a non-reentrant model
  1098 ;;
  1099                           
  1100                           
  1101                           ;psect for function _SoftI2cInit
  1102  0729                     _SoftI2cInit:	
  1103                           
  1104                           ;softI2c.c: 6: LATBbits.LATB6 = 1;
  1105                           
  1106                           ;incstack = 0
  1107                           ; Regs used in _SoftI2cInit: [wreg+status,2+status,0+pclath+cstack]
  1108  0729  0022               	movlb	2	; select bank2
  1109  072A  170D               	bsf	13,6	;volatile
  1110                           
  1111                           ;softI2c.c: 7: LATBbits.LATB4 = 1;
  1112  072B  160D               	bsf	13,4	;volatile
  1113                           
  1114                           ;softI2c.c: 10: TRISBbits.TRISB6 = 0;
  1115  072C  0021               	movlb	1	; select bank1
  1116  072D  130D               	bcf	13,6	;volatile
  1117                           
  1118                           ;softI2c.c: 11: TRISBbits.TRISB4 = 0;
  1119  072E  120D               	bcf	13,4	;volatile
  1120                           
  1121                           ;softI2c.c: 14: TRISAbits.TRISA1 = 0;
  1122  072F  108C               	bcf	12,1	;volatile
  1123                           
  1124                           ;softI2c.c: 15: TRISAbits.TRISA0 = 0;
  1125  0730  100C               	bcf	12,0	;volatile
  1126                           
  1127                           ;softI2c.c: 21: WPUBbits.WPUB4 = 0;
  1128  0731  0024               	movlb	4	; select bank4
  1129  0732  120D               	bcf	13,4	;volatile
  1130                           
  1131                           ;softI2c.c: 22: WPUBbits.WPUB6 = 0;
  1132  0733  130D               	bcf	13,6	;volatile
  1133                           
  1134                           ;softI2c.c: 25: SoftI2cStart();
  1135  0734  273A  3187         	fcall	_SoftI2cStart
  1136                           
  1137                           ;softI2c.c: 26: SoftI2cTxByte(0x00);
  1138  0736  3000               	movlw	0
  1139  0737  2745  3187         	fcall	_SoftI2cTxByte
  1140                           
  1141                           ;softI2c.c: 27: SoftI2cStop();
  1142  0739  2F6E               	ljmp	l791
  1143  073A                     __end_of_SoftI2cInit:	
  1144  073A                     __ptext7:	
  1145 ;; *************** function _SoftI2cStart *****************
  1146 ;; Defined at:
  1147 ;;		line 41 in file "../../../src/bsp/softI2c.c"
  1148 ;; Parameters:    Size  Location     Type
  1149 ;;		None
  1150 ;; Auto vars:     Size  Location     Type
  1151 ;;		None
  1152 ;; Return value:  Size  Location     Type
  1153 ;;		None               void
  1154 ;; Registers used:
  1155 ;;		wreg, status,2, status,0, pclath, cstack
  1156 ;; Tracked objects:
  1157 ;;		On entry : 17F/4
  1158 ;;		On exit  : 1F/2
  1159 ;;		Unchanged: 0/0
  1160 ;; Data sizes:     COMMON   BANK0   BANK1   BANK2
  1161 ;;      Params:         0       0       0       0
  1162 ;;      Locals:         0       0       0       0
  1163 ;;      Temps:          0       0       0       0
  1164 ;;      Totals:         0       0       0       0
  1165 ;;Total ram usage:        0 bytes
  1166 ;; Hardware stack levels used:    1
  1167 ;; Hardware stack levels required when called:    1
  1168 ;; This function calls:
  1169 ;;		_SoftI2cNop
  1170 ;; This function is called by:
  1171 ;;		_SoftI2cInit
  1172 ;; This function uses a non-reentrant model
  1173 ;;
  1174                           
  1175                           
  1176                           ;psect for function _SoftI2cStart
  1177  073A                     _SoftI2cStart:	
  1178                           
  1179                           ;softI2c.c: 42: TRISBbits.TRISB4 = 0;
  1180                           
  1181                           ;incstack = 0
  1182                           ; Regs used in _SoftI2cStart: [wreg+status,2+status,0+pclath+cstack]
  1183  073A  0021               	movlb	1	; select bank1
  1184  073B  120D               	bcf	13,4	;volatile
  1185                           
  1186                           ;softI2c.c: 44: LATBbits.LATB6 = 1;
  1187  073C  0022               	movlb	2	; select bank2
  1188  073D  170D               	bsf	13,6	;volatile
  1189                           
  1190                           ;softI2c.c: 45: SoftI2cNop();
  1191  073E  2785  3187         	fcall	_SoftI2cNop
  1192                           
  1193                           ;softI2c.c: 47: LATBbits.LATB4 = 0;
  1194  0740  120D               	bcf	13,4	;volatile
  1195                           
  1196                           ;softI2c.c: 48: SoftI2cNop();
  1197  0741  2785  3187         	fcall	_SoftI2cNop
  1198                           
  1199                           ;softI2c.c: 49: LATBbits.LATB6 = 0;
  1200  0743  130D               	bcf	13,6	;volatile
  1201                           
  1202                           ;softI2c.c: 50: SoftI2cNop();
  1203  0744  2F85               	ljmp	l735
  1204  0745                     __end_of_SoftI2cStart:	
  1205  0745                     __ptext6:	
  1206 ;; *************** function _SoftI2cTxByte *****************
  1207 ;; Defined at:
  1208 ;;		line 95 in file "../../../src/bsp/softI2c.c"
  1209 ;; Parameters:    Size  Location     Type
  1210 ;;  data            1    wreg     unsigned char 
  1211 ;; Auto vars:     Size  Location     Type
  1212 ;;  data            1    2[COMMON] unsigned char 
  1213 ;;  i               1    3[COMMON] unsigned char 
  1214 ;;  ack             1    0        unsigned char 
  1215 ;; Return value:  Size  Location     Type
  1216 ;;                  1    wreg      unsigned char 
  1217 ;; Registers used:
  1218 ;;		wreg, status,2, status,0, pclath, cstack
  1219 ;; Tracked objects:
  1220 ;;		On entry : 1F/2
  1221 ;;		On exit  : 1F/2
  1222 ;;		Unchanged: 0/0
  1223 ;; Data sizes:     COMMON   BANK0   BANK1   BANK2
  1224 ;;      Params:         0       0       0       0
  1225 ;;      Locals:         3       0       0       0
  1226 ;;      Temps:          0       0       0       0
  1227 ;;      Totals:         3       0       0       0
  1228 ;;Total ram usage:        3 bytes
  1229 ;; Hardware stack levels used:    1
  1230 ;; Hardware stack levels required when called:    1
  1231 ;; This function calls:
  1232 ;;		_SoftI2cNop
  1233 ;; This function is called by:
  1234 ;;		_SoftI2cInit
  1235 ;; This function uses a non-reentrant model
  1236 ;;
  1237                           
  1238                           
  1239                           ;psect for function _SoftI2cTxByte
  1240  0745                     _SoftI2cTxByte:	
  1241                           
  1242                           ;incstack = 0
  1243                           ; Regs used in _SoftI2cTxByte: [wreg+status,2+status,0+pclath+cstack]
  1244                           ;SoftI2cTxByte@data stored from wreg
  1245  0745  00F2               	movwf	SoftI2cTxByte@data
  1246                           
  1247                           ;softI2c.c: 96: UI08_t i;
  1248                           ;softI2c.c: 98: for(i = 0; i < 8; i++)
  1249  0746  01F3               	clrf	SoftI2cTxByte@i
  1250  0747                     l42:	
  1251                           
  1252                           ;softI2c.c: 99: {
  1253                           ;softI2c.c: 100: LATBbits.LATB6 = 0;
  1254  0747  130D               	bcf	13,6	;volatile
  1255                           
  1256                           ;softI2c.c: 101: SoftI2cNop();
  1257  0748  2785  3187         	fcall	_SoftI2cNop
  1258                           
  1259                           ;softI2c.c: 103: if(data & 0x80)
  1260  074A  1FF2               	btfss	SoftI2cTxByte@data,7
  1261  074B  2F4E               	goto	l44
  1262                           
  1263                           ;softI2c.c: 104: LATBbits.LATB4 = 1;
  1264  074C  160D               	bsf	13,4	;volatile
  1265  074D  2F4F               	goto	l45
  1266  074E                     l44:	
  1267                           
  1268                           ;softI2c.c: 105: else
  1269                           ;softI2c.c: 106: LATBbits.LATB4 = 0;
  1270  074E  120D               	bcf	13,4	;volatile
  1271  074F                     l45:	
  1272                           
  1273                           ;softI2c.c: 107: TRISBbits.TRISB4 = 0;
  1274  074F  0021               	movlb	1	; select bank1
  1275  0750  120D               	bcf	13,4	;volatile
  1276                           
  1277                           ;softI2c.c: 109: SoftI2cNop();
  1278  0751  2785  3187         	fcall	_SoftI2cNop
  1279                           
  1280                           ;softI2c.c: 111: LATBbits.LATB6 = 1;
  1281  0753  170D               	bsf	13,6	;volatile
  1282                           
  1283                           ;softI2c.c: 112: SoftI2cNop();
  1284  0754  2785  3187         	fcall	_SoftI2cNop
  1285  0756  3008               	movlw	8
  1286                           
  1287                           ;softI2c.c: 116: data = data << 1;
  1288  0757  35F2               	lslf	SoftI2cTxByte@data,f
  1289  0758  0AF3               	incf	SoftI2cTxByte@i,f
  1290  0759  0273               	subwf	SoftI2cTxByte@i,w
  1291  075A  1C03               	skipc
  1292  075B  2F47               	goto	l42
  1293                           
  1294                           ;softI2c.c: 117: }
  1295                           ;softI2c.c: 120: LATBbits.LATB6 = 0;
  1296  075C  130D               	bcf	13,6	;volatile
  1297                           
  1298                           ;softI2c.c: 121: SoftI2cNop();
  1299  075D  2785  3187         	fcall	_SoftI2cNop
  1300                           
  1301                           ;softI2c.c: 124: TRISBbits.TRISB4 = 1;
  1302  075F  0021               	movlb	1	; select bank1
  1303  0760  160D               	bsf	13,4	;volatile
  1304                           
  1305                           ;softI2c.c: 126: LATBbits.LATB6 = 1;
  1306  0761  0022               	movlb	2	; select bank2
  1307  0762  170D               	bsf	13,6	;volatile
  1308                           
  1309                           ;softI2c.c: 127: SoftI2cNop();
  1310  0763  2785  3187         	fcall	_SoftI2cNop
  1311  0765  0020               	movlb	0	; select bank0
  1312  0766  080D               	movf	13,w	;volatile
  1313                           
  1314                           ;softI2c.c: 131: LATBbits.LATB6 = 0;
  1315  0767  0022               	movlb	2	; select bank2
  1316  0768  130D               	bcf	13,6	;volatile
  1317                           
  1318                           ;softI2c.c: 132: SoftI2cNop();
  1319  0769  2785  3187         	fcall	_SoftI2cNop
  1320                           
  1321                           ;softI2c.c: 133: SoftI2cNop();
  1322  076B  2785  3187         	fcall	_SoftI2cNop
  1323                           
  1324                           ;softI2c.c: 134: SoftI2cNop();
  1325  076D  2F85               	ljmp	l735
  1326  076E                     __end_of_SoftI2cTxByte:	
  1327  076E                     __ptext5:	
  1328 ;; *************** function _SoftI2cStop *****************
  1329 ;; Defined at:
  1330 ;;		line 76 in file "../../../src/bsp/softI2c.c"
  1331 ;; Parameters:    Size  Location     Type
  1332 ;;		None
  1333 ;; Auto vars:     Size  Location     Type
  1334 ;;		None
  1335 ;; Return value:  Size  Location     Type
  1336 ;;		None               void
  1337 ;; Registers used:
  1338 ;;		wreg, status,2, status,0, pclath, cstack
  1339 ;; Tracked objects:
  1340 ;;		On entry : 1F/2
  1341 ;;		On exit  : 1F/2
  1342 ;;		Unchanged: 0/0
  1343 ;; Data sizes:     COMMON   BANK0   BANK1   BANK2
  1344 ;;      Params:         0       0       0       0
  1345 ;;      Locals:         0       0       0       0
  1346 ;;      Temps:          0       0       0       0
  1347 ;;      Totals:         0       0       0       0
  1348 ;;Total ram usage:        0 bytes
  1349 ;; Hardware stack levels used:    1
  1350 ;; Hardware stack levels required when called:    1
  1351 ;; This function calls:
  1352 ;;		_SoftI2cNop
  1353 ;; This function is called by:
  1354 ;;		_SoftI2cInit
  1355 ;; This function uses a non-reentrant model
  1356 ;;
  1357                           
  1358                           
  1359                           ;psect for function _SoftI2cStop
  1360  076E                     _SoftI2cStop:	
  1361  076E                     l791:	
  1362                           ;incstack = 0
  1363                           ; Regs used in _SoftI2cStop: [wreg+status,2+status,0+pclath+cstack]
  1364                           
  1365                           
  1366                           ;softI2c.c: 77: TRISBbits.TRISB4 = 0;
  1367  076E  0021               	movlb	1	; select bank1
  1368  076F  120D               	bcf	13,4	;volatile
  1369                           
  1370                           ;softI2c.c: 79: LATBbits.LATB4 = 0;
  1371  0770  0022               	movlb	2	; select bank2
  1372  0771  120D               	bcf	13,4	;volatile
  1373                           
  1374                           ;softI2c.c: 80: SoftI2cNop();
  1375  0772  2785  3187         	fcall	_SoftI2cNop
  1376                           
  1377                           ;softI2c.c: 82: LATBbits.LATB6 = 1;
  1378  0774  170D               	bsf	13,6	;volatile
  1379                           
  1380                           ;softI2c.c: 83: SoftI2cNop();
  1381  0775  2785  3187         	fcall	_SoftI2cNop
  1382                           
  1383                           ;softI2c.c: 84: LATBbits.LATB4 = 1;
  1384  0777  160D               	bsf	13,4	;volatile
  1385                           
  1386                           ;softI2c.c: 85: SoftI2cNop();
  1387  0778  2785  3187         	fcall	_SoftI2cNop
  1388                           
  1389                           ;softI2c.c: 86: SoftI2cNop();
  1390  077A  2785  3187         	fcall	_SoftI2cNop
  1391                           
  1392                           ;softI2c.c: 87: SoftI2cNop();
  1393  077C  2785  3187         	fcall	_SoftI2cNop
  1394                           
  1395                           ;softI2c.c: 88: SoftI2cNop();
  1396  077E  2785  3187         	fcall	_SoftI2cNop
  1397                           
  1398                           ;softI2c.c: 89: SoftI2cNop();
  1399  0780  2785  3187         	fcall	_SoftI2cNop
  1400                           
  1401                           ;softI2c.c: 90: SoftI2cNop();
  1402  0782  2785  3187         	fcall	_SoftI2cNop
  1403                           
  1404                           ;softI2c.c: 91: SoftI2cNop();
  1405  0784  2F85               	ljmp	l735
  1406  0785                     __end_of_SoftI2cStop:	
  1407  0785                     __ptext8:	
  1408 ;; *************** function _SoftI2cNop *****************
  1409 ;; Defined at:
  1410 ;;		line 32 in file "../../../src/bsp/softI2c.c"
  1411 ;; Parameters:    Size  Location     Type
  1412 ;;		None
  1413 ;; Auto vars:     Size  Location     Type
  1414 ;;  i               2    0        unsigned int 
  1415 ;; Return value:  Size  Location     Type
  1416 ;;		None               void
  1417 ;; Registers used:
  1418 ;;		wreg, status,2, status,0
  1419 ;; Tracked objects:
  1420 ;;		On entry : 1C/2
  1421 ;;		On exit  : 1F/2
  1422 ;;		Unchanged: 0/0
  1423 ;; Data sizes:     COMMON   BANK0   BANK1   BANK2
  1424 ;;      Params:         0       0       0       0
  1425 ;;      Locals:         0       0       0       0
  1426 ;;      Temps:          1       0       0       0
  1427 ;;      Totals:         1       0       0       0
  1428 ;;Total ram usage:        1 bytes
  1429 ;; Hardware stack levels used:    1
  1430 ;; This function calls:
  1431 ;;		Nothing
  1432 ;; This function is called by:
  1433 ;;		_SoftI2cStart
  1434 ;;		_SoftI2cStop
  1435 ;;		_SoftI2cTxByte
  1436 ;; This function uses a non-reentrant model
  1437 ;;
  1438                           
  1439                           
  1440                           ;psect for function _SoftI2cNop
  1441  0785                     _SoftI2cNop:	
  1442  0785                     l735:	
  1443                           ;incstack = 0
  1444                           ; Regs used in _SoftI2cNop: [wreg+status,2+status,0]
  1445                           ;softI2c.c: 34: do { LATAbits.LATA0 = (LATBbits.LATB6 != 0)?1:0; LATAbits.LATA1 = (PORTB
      +                          bits.RB4 != 0)?1:0; } while(0);;
  1446                           
  1447  0785  27E9  3187         	fcall	PL2	;call to abstracted procedure
  1448                           
  1449                           ;softI2c.c: 35: _delay((unsigned long)((50)*(16000000/4000000.0)));
  1450  0787  3042               	movlw	66
  1451  0788  00F0               	movwf	??_SoftI2cNop
  1452  0789                     u117:	
  1453  0789  0BF0               	decfsz	??_SoftI2cNop,f
  1454  078A  2F89               	goto	u117
  1455  078B  0000               	nop
  1456  078C  27E9               	fcall	PL2	;call to abstracted procedure
  1457  078D  0008               	return
  1458  078E                     __end_of_SoftI2cNop:	
  1459  007E                     btemp	set	126	;btemp
  1460  007E                     wtemp0	set	126
  1461  078E                     __ptext3:	
  1462 ;; *************** function _AdcInit *****************
  1463 ;; Defined at:
  1464 ;;		line 4 in file "../../../src/bsp/pic16/adc16.c"
  1465 ;; Parameters:    Size  Location     Type
  1466 ;;		None
  1467 ;; Auto vars:     Size  Location     Type
  1468 ;;		None
  1469 ;; Return value:  Size  Location     Type
  1470 ;;		None               void
  1471 ;; Registers used:
  1472 ;;		wreg, status,2
  1473 ;; Tracked objects:
  1474 ;;		On entry : 17F/1
  1475 ;;		On exit  : 17F/1
  1476 ;;		Unchanged: 160/0
  1477 ;; Data sizes:     COMMON   BANK0   BANK1   BANK2
  1478 ;;      Params:         0       0       0       0
  1479 ;;      Locals:         0       0       0       0
  1480 ;;      Temps:          0       0       0       0
  1481 ;;      Totals:         0       0       0       0
  1482 ;;Total ram usage:        0 bytes
  1483 ;; Hardware stack levels used:    1
  1484 ;; This function calls:
  1485 ;;		Nothing
  1486 ;; This function is called by:
  1487 ;;		_main
  1488 ;; This function uses a non-reentrant model
  1489 ;;
  1490                           
  1491                           
  1492                           ;psect for function _AdcInit
  1493  078E                     _AdcInit:	
  1494                           
  1495                           ;adc16.c: 5: ANSELA = 0;
  1496                           
  1497                           ;incstack = 0
  1498                           ; Regs used in _AdcInit: [wreg+status,2]
  1499  078E  0023               	movlb	3	; select bank3
  1500  078F  018C               	clrf	12	;volatile
  1501                           
  1502                           ;adc16.c: 6: ANSELB = 0;
  1503  0790  018D               	clrf	13	;volatile
  1504                           
  1505                           ;adc16.c: 7: ANSELC = 0;
  1506  0791  018E               	clrf	14	;volatile
  1507                           
  1508                           ;adc16.c: 9: FVRCON = 0b11100001;
  1509  0792  30E1               	movlw	225
  1510  0793  0022               	movlb	2	; select bank2
  1511  0794  0097               	movwf	23	;volatile
  1512                           
  1513                           ;adc16.c: 11: ADCON2 = 0b00000000;
  1514  0795  0021               	movlb	1	; select bank1
  1515  0796  019F               	clrf	31	;volatile
  1516                           
  1517                           ;adc16.c: 12: ADCON1 = 0b11110000;
  1518  0797  30F0               	movlw	240
  1519  0798  009E               	movwf	30	;volatile
  1520                           
  1521                           ;adc16.c: 13: ADCON0 = 0b00000000;
  1522  0799  019D               	clrf	29	;volatile
  1523                           
  1524                           ;adc16.c: 15: ADCON0 = 0b00010011;
  1525  079A  3013               	movlw	19
  1526  079B  009D               	movwf	29	;volatile
  1527  079C  0008               	return
  1528  079D                     __end_of_AdcInit:	
  1529  079D                     __ptext2:	
  1530 ;; *************** function _initRFPorts *****************
  1531 ;; Defined at:
  1532 ;;		line 55 in file "../../../src/main.c"
  1533 ;; Parameters:    Size  Location     Type
  1534 ;;		None
  1535 ;; Auto vars:     Size  Location     Type
  1536 ;;		None
  1537 ;; Return value:  Size  Location     Type
  1538 ;;		None               void
  1539 ;; Registers used:
  1540 ;;		None
  1541 ;; Tracked objects:
  1542 ;;		On entry : 1F/2
  1543 ;;		On exit  : 1F/1
  1544 ;;		Unchanged: 0/0
  1545 ;; Data sizes:     COMMON   BANK0   BANK1   BANK2
  1546 ;;      Params:         0       0       0       0
  1547 ;;      Locals:         0       0       0       0
  1548 ;;      Temps:          0       0       0       0
  1549 ;;      Totals:         0       0       0       0
  1550 ;;Total ram usage:        0 bytes
  1551 ;; Hardware stack levels used:    1
  1552 ;; This function calls:
  1553 ;;		Nothing
  1554 ;; This function is called by:
  1555 ;;		_main
  1556 ;; This function uses a non-reentrant model
  1557 ;;
  1558                           
  1559                           
  1560                           ;psect for function _initRFPorts
  1561  079D                     _initRFPorts:	
  1562                           
  1563                           ;main.c: 57: TRISCbits.TRISC5 = 1;
  1564                           
  1565                           ;incstack = 0
  1566                           ; Regs used in _initRFPorts: []
  1567  079D  0021               	movlb	1	; select bank1
  1568  079E  168E               	bsf	14,5	;volatile
  1569                           
  1570                           ;main.c: 58: TRISBbits.TRISB7 = 0;
  1571  079F  138D               	bcf	13,7	;volatile
  1572                           
  1573                           ;main.c: 59: TRISCbits.TRISC7 = 0;
  1574  07A0  138E               	bcf	14,7	;volatile
  1575                           
  1576                           ;main.c: 60: TRISCbits.TRISC6 = 0;
  1577  07A1  130E               	bcf	14,6	;volatile
  1578                           
  1579                           ;main.c: 61: TRISAbits.TRISA2 = 1;
  1580  07A2  150C               	bsf	12,2	;volatile
  1581                           
  1582                           ;main.c: 62: TRISCbits.TRISC4 = 0;
  1583  07A3  120E               	bcf	14,4	;volatile
  1584                           
  1585                           ;main.c: 63: TRISAbits.TRISA5 = 1;
  1586  07A4  168C               	bsf	12,5	;volatile
  1587                           
  1588                           ;main.c: 64: TRISAbits.TRISA4 = 0;
  1589  07A5  120C               	bcf	12,4	;volatile
  1590                           
  1591                           ;main.c: 65: TRISCbits.TRISC3 = 1;
  1592  07A6  158E               	bsf	14,3	;volatile
  1593                           
  1594                           ;main.c: 66: TRISAbits.TRISA2 = 1;
  1595  07A7  150C               	bsf	12,2	;volatile
  1596                           
  1597                           ;main.c: 67: TRISCbits.TRISC1 = 0;
  1598  07A8  108E               	bcf	14,1	;volatile
  1599                           
  1600                           ;main.c: 68: TRISCbits.TRISC2 = 0;
  1601  07A9  110E               	bcf	14,2	;volatile
  1602  07AA  0008               	return
  1603  07AB                     __end_of_initRFPorts:	
  1604  07AB                     __ptext1:	
  1605 ;; *************** function _SPI_Write *****************
  1606 ;; Defined at:
  1607 ;;		line 36 in file "../../../src/devices/mrf49xa.c"
  1608 ;; Parameters:    Size  Location     Type
  1609 ;;  data            1    wreg     unsigned char 
  1610 ;; Auto vars:     Size  Location     Type
  1611 ;;  data            1    0[COMMON] unsigned char 
  1612 ;;  i               1    0        unsigned char 
  1613 ;; Return value:  Size  Location     Type
  1614 ;;		None               void
  1615 ;; Registers used:
  1616 ;;		wreg
  1617 ;; Tracked objects:
  1618 ;;		On entry : 1D/2
  1619 ;;		On exit  : 1F/2
  1620 ;;		Unchanged: 0/0
  1621 ;; Data sizes:     COMMON   BANK0   BANK1   BANK2
  1622 ;;      Params:         0       0       0       0
  1623 ;;      Locals:         1       0       0       0
  1624 ;;      Temps:          0       0       0       0
  1625 ;;      Totals:         1       0       0       0
  1626 ;;Total ram usage:        1 bytes
  1627 ;; Hardware stack levels used:    1
  1628 ;; This function calls:
  1629 ;;		Nothing
  1630 ;; This function is called by:
  1631 ;;		_main
  1632 ;; This function uses a non-reentrant model
  1633 ;;
  1634                           
  1635                           
  1636                           ;psect for function _SPI_Write
  1637  07AB                     _SPI_Write:	
  1638                           
  1639                           ;incstack = 0
  1640                           ; Regs used in _SPI_Write: [wreg]
  1641                           ;SPI_Write@data stored from wreg
  1642  07AB  00F0               	movwf	SPI_Write@data
  1643                           
  1644                           ;mrf49xa.c: 37: UI08_t i;
  1645                           ;mrf49xa.c: 39: LATBbits.LATB7 = 0;
  1646  07AC  0022               	movlb	2	; select bank2
  1647  07AD  138D               	bcf	13,7	;volatile
  1648                           
  1649                           ;mrf49xa.c: 40: LATCbits.LATC7 = 0;
  1650  07AE  138E               	bcf	14,7	;volatile
  1651  07AF  1FF0               	btfss	SPI_Write@data,7
  1652  07B0  2FB3               	goto	l178
  1653  07B1  178D               	bsf	13,7	;volatile
  1654  07B2  2FB4               	goto	l179
  1655  07B3                     l178:	
  1656  07B3  138D               	bcf	13,7	;volatile
  1657  07B4                     l179:	
  1658  07B4  178E               	bsf	14,7	;volatile
  1659  07B5  138E               	bcf	14,7	;volatile
  1660  07B6  1F70               	btfss	SPI_Write@data,6
  1661  07B7  2FBA               	goto	l182
  1662  07B8  178D               	bsf	13,7	;volatile
  1663  07B9  2FBB               	goto	l183
  1664  07BA                     l182:	
  1665  07BA  138D               	bcf	13,7	;volatile
  1666  07BB                     l183:	
  1667  07BB  178E               	bsf	14,7	;volatile
  1668  07BC  138E               	bcf	14,7	;volatile
  1669  07BD  1EF0               	btfss	SPI_Write@data,5
  1670  07BE  2FC1               	goto	l186
  1671  07BF  178D               	bsf	13,7	;volatile
  1672  07C0  2FC2               	goto	l187
  1673  07C1                     l186:	
  1674  07C1  138D               	bcf	13,7	;volatile
  1675  07C2                     l187:	
  1676  07C2  178E               	bsf	14,7	;volatile
  1677  07C3  138E               	bcf	14,7	;volatile
  1678  07C4  1E70               	btfss	SPI_Write@data,4
  1679  07C5  2FC8               	goto	l190
  1680  07C6  178D               	bsf	13,7	;volatile
  1681  07C7  2FC9               	goto	l191
  1682  07C8                     l190:	
  1683  07C8  138D               	bcf	13,7	;volatile
  1684  07C9                     l191:	
  1685  07C9  178E               	bsf	14,7	;volatile
  1686  07CA  138E               	bcf	14,7	;volatile
  1687  07CB  1DF0               	btfss	SPI_Write@data,3
  1688  07CC  2FCF               	goto	l194
  1689  07CD  178D               	bsf	13,7	;volatile
  1690  07CE  2FD0               	goto	l195
  1691  07CF                     l194:	
  1692  07CF  138D               	bcf	13,7	;volatile
  1693  07D0                     l195:	
  1694  07D0  178E               	bsf	14,7	;volatile
  1695  07D1  138E               	bcf	14,7	;volatile
  1696  07D2  1D70               	btfss	SPI_Write@data,2
  1697  07D3  2FD6               	goto	l198
  1698  07D4  178D               	bsf	13,7	;volatile
  1699  07D5  2FD7               	goto	l199
  1700  07D6                     l198:	
  1701  07D6  138D               	bcf	13,7	;volatile
  1702  07D7                     l199:	
  1703  07D7  178E               	bsf	14,7	;volatile
  1704  07D8  138E               	bcf	14,7	;volatile
  1705  07D9  1CF0               	btfss	SPI_Write@data,1
  1706  07DA  2FDD               	goto	l202
  1707  07DB  178D               	bsf	13,7	;volatile
  1708  07DC  2FDE               	goto	l203
  1709  07DD                     l202:	
  1710  07DD  138D               	bcf	13,7	;volatile
  1711  07DE                     l203:	
  1712  07DE  178E               	bsf	14,7	;volatile
  1713  07DF  138E               	bcf	14,7	;volatile
  1714  07E0  1C70               	btfss	SPI_Write@data,0
  1715  07E1  2FE4               	goto	l206
  1716  07E2  178D               	bsf	13,7	;volatile
  1717  07E3  2FE5               	goto	l207
  1718  07E4                     l206:	
  1719  07E4  138D               	bcf	13,7	;volatile
  1720  07E5                     l207:	
  1721  07E5  178E               	bsf	14,7	;volatile
  1722  07E6  138E               	bcf	14,7	;volatile
  1723                           
  1724                           ;mrf49xa.c: 70: LATBbits.LATB7 = 0;
  1725  07E7  138D               	bcf	13,7	;volatile
  1726  07E8  0008               	return
  1727  07E9                     __end_of_SPI_Write:	
  1728  07E9                     PL2:	
  1729  07E9  3000               	movlw	0
  1730  07EA  0022               	movlb	2	; select bank2
  1731  07EB  1B0D               	btfsc	13,6	;volatile
  1732  07EC  3001               	movlw	1
  1733  07ED  00F0               	movwf	??_SoftI2cNop
  1734  07EE  080C               	movf	12,w	;volatile
  1735  07EF  0670               	xorwf	??_SoftI2cNop,w
  1736  07F0  39FE               	andlw	-2
  1737  07F1  0670               	xorwf	??_SoftI2cNop,w
  1738  07F2  008C               	movwf	12	;volatile
  1739  07F3  3000               	movlw	0
  1740  07F4  0020               	movlb	0	; select bank0
  1741  07F5  1A0D               	btfsc	13,4	;volatile
  1742  07F6  3001               	movlw	1
  1743  07F7  00F0               	movwf	??_SoftI2cNop
  1744  07F8  0DF0               	rlf	??_SoftI2cNop,f
  1745  07F9  0022               	movlb	2	; select bank2
  1746  07FA  080C               	movf	12,w	;volatile
  1747  07FB  0670               	xorwf	??_SoftI2cNop,w
  1748  07FC  39FD               	andlw	-3
  1749  07FD  0670               	xorwf	??_SoftI2cNop,w
  1750  07FE  008C               	movwf	12	;volatile
  1751  07FF  0008               	return
  1752  0800                     __end_ofPL2:	
  1753                           
  1754                           	psect	cstackCOMMON
  1755  0070                     __pcstackCOMMON:	
  1756  0070                     ?_SoftI2cStart:	
  1757  0070                     ?_SoftI2cStop:	
  1758                           ; 0 bytes @ 0x0
  1759                           
  1760  0070                     ?_SPI_Write:	
  1761                           ; 0 bytes @ 0x0
  1762                           
  1763  0070                     ??_SPI_Write:	
  1764                           ; 0 bytes @ 0x0
  1765                           
  1766  0070                     ?_SoftI2cInit:	
  1767                           ; 0 bytes @ 0x0
  1768                           
  1769  0070                     ?_SoftI2cNop:	
  1770                           ; 0 bytes @ 0x0
  1771                           
  1772  0070                     ??_SoftI2cNop:	
  1773                           ; 0 bytes @ 0x0
  1774                           
  1775  0070                     ?_AdcInit:	
  1776                           ; 0 bytes @ 0x0
  1777                           
  1778  0070                     ??_AdcInit:	
  1779                           ; 0 bytes @ 0x0
  1780                           
  1781  0070                     ?_initRFPorts:	
  1782                           ; 0 bytes @ 0x0
  1783                           
  1784  0070                     ??_initRFPorts:	
  1785                           ; 0 bytes @ 0x0
  1786                           
  1787  0070                     ?_SoftI2cTxByte:	
  1788                           ; 0 bytes @ 0x0
  1789                           
  1790  0070                     ?_main:	
  1791                           ; 1 bytes @ 0x0
  1792                           
  1793  0070                     SPI_Write@data:	
  1794                           ; 2 bytes @ 0x0
  1795                           
  1796                           
  1797                           ; 1 bytes @ 0x0
  1798  0070                     	ds	1
  1799  0071                     ??_SoftI2cStart:	
  1800  0071                     ??_SoftI2cTxByte:	
  1801                           ; 0 bytes @ 0x1
  1802                           
  1803  0071                     ??_SoftI2cStop:	
  1804                           ; 0 bytes @ 0x1
  1805                           
  1806                           
  1807                           ; 0 bytes @ 0x1
  1808  0071                     	ds	1
  1809  0072                     SoftI2cTxByte@data:	
  1810                           
  1811                           ; 1 bytes @ 0x2
  1812  0072                     	ds	1
  1813  0073                     SoftI2cTxByte@i:	
  1814                           
  1815                           ; 1 bytes @ 0x3
  1816  0073                     	ds	1
  1817  0074                     ??_SoftI2cInit:	
  1818  0074                     ??_main:	
  1819                           ; 0 bytes @ 0x4
  1820                           
  1821  0074                     main@bf:	
  1822                           ; 0 bytes @ 0x4
  1823                           
  1824                           
  1825                           ; 8 bytes @ 0x4
  1826  0074                     	ds	8


Data Sizes:
    Strings     0
    Constant    0
    Data        0
    BSS         0
    Persistent  0
    Stack       0

Auto Spaces:
    Space          Size  Autos    Used
    COMMON           14     12      12
    BANK0            80      0       0
    BANK1            80      0       0
    BANK2            80      0       0

Pointer List with Targets:

    None.

Critical Paths under _main in COMMON

    _SoftI2cInit->_SoftI2cTxByte
    _SoftI2cStop->_SoftI2cNop
    _SoftI2cTxByte->_SoftI2cNop
    _SoftI2cStart->_SoftI2cNop

Critical Paths under _main in BANK0

    None.

Critical Paths under _main in BANK1

    None.

Critical Paths under _main in BANK2

    None.

Call Graph Tables:

 ---------------------------------------------------------------------------------
 (Depth) Function   	        Calls       Base Space   Used Autos Params    Refs
 ---------------------------------------------------------------------------------
 (0) _main                                                 8     8      0     275
                                              4 COMMON     8     8      0
                        _SoftI2cInit
                            _AdcInit
                        _initRFPorts
                          _SPI_Write
 ---------------------------------------------------------------------------------
 (1) _SPI_Write                                            2     2      0     120
                                              0 COMMON     1     1      0
 ---------------------------------------------------------------------------------
 (1) _initRFPorts                                          0     0      0       0
 ---------------------------------------------------------------------------------
 (1) _AdcInit                                              0     0      0       0
 ---------------------------------------------------------------------------------
 (1) _SoftI2cInit                                          0     0      0      50
                       _SoftI2cStart
                      _SoftI2cTxByte
                        _SoftI2cStop
 ---------------------------------------------------------------------------------
 (2) _SoftI2cStop                                          0     0      0       0
                         _SoftI2cNop
 ---------------------------------------------------------------------------------
 (2) _SoftI2cTxByte                                        3     3      0      50
                                              1 COMMON     3     3      0
                         _SoftI2cNop
 ---------------------------------------------------------------------------------
 (2) _SoftI2cStart                                         0     0      0       0
                         _SoftI2cNop
 ---------------------------------------------------------------------------------
 (3) _SoftI2cNop                                           3     3      0       0
                                              0 COMMON     1     1      0
 ---------------------------------------------------------------------------------
 Estimated maximum stack depth 3
 ---------------------------------------------------------------------------------

 Call Graph Graphs:

 _main (ROOT)
   _SoftI2cInit
     _SoftI2cStart
       _SoftI2cNop
     _SoftI2cTxByte
       _SoftI2cNop
     _SoftI2cStop
       _SoftI2cNop
   _AdcInit
   _initRFPorts
   _SPI_Write

 Address spaces:
Name               Size   Autos  Total    Cost      Usage
BIGRAM              F0      0       0       0        0.0%
NULL                 0      0       0       0        0.0%
CODE                 0      0       0       0        0.0%
BITCOMMON            E      0       0       1        0.0%
BITSFR0              0      0       0       1        0.0%
SFR0                 0      0       0       1        0.0%
COMMON               E      C       C       2       85.7%
BITSFR1              0      0       0       2        0.0%
SFR1                 0      0       0       2        0.0%
BITSFR2              0      0       0       3        0.0%
SFR2                 0      0       0       3        0.0%
STACK                0      0       3       3        0.0%
BITSFR3              0      0       0       4        0.0%
SFR3                 0      0       0       4        0.0%
ABS                  0      0       0       4        0.0%
BITBANK0            50      0       0       5        0.0%
BITSFR4              0      0       0       5        0.0%
SFR4                 0      0       0       5        0.0%
BANK0               50      0       0       6        0.0%
BITSFR5              0      0       0       6        0.0%
SFR5                 0      0       0       6        0.0%
BITBANK1            50      0       0       7        0.0%
BITSFR6              0      0       0       7        0.0%
SFR6                 0      0       0       7        0.0%
BANK1               50      0       0       8        0.0%
BITSFR7              0      0       0       8        0.0%
SFR7                 0      0       0       8        0.0%
BITBANK2            50      0       0       9        0.0%
BITSFR8              0      0       0       9        0.0%
SFR8                 0      0       0       9        0.0%
BANK2               50      0       0      10        0.0%
BITSFR9              0      0       0      10        0.0%
SFR9                 0      0       0      10        0.0%
BITSFR10             0      0       0      11        0.0%
SFR10                0      0       0      11        0.0%
DATA                 0      0       0      11        0.0%
BITSFR11             0      0       0      12        0.0%
SFR11                0      0       0      12        0.0%
BITSFR12             0      0       0      13        0.0%
SFR12                0      0       0      13        0.0%
BITSFR13             0      0       0      14        0.0%
SFR13                0      0       0      14        0.0%
BITSFR14             0      0       0      15        0.0%
SFR14                0      0       0      15        0.0%
BITSFR15             0      0       0      16        0.0%
SFR15                0      0       0      16        0.0%
BITSFR16             0      0       0      17        0.0%
SFR16                0      0       0      17        0.0%
BITSFR17             0      0       0      18        0.0%
SFR17                0      0       0      18        0.0%
BITSFR18             0      0       0      19        0.0%
SFR18                0      0       0      19        0.0%
BITSFR19             0      0       0      20        0.0%
SFR19                0      0       0      20        0.0%
BITSFR20             0      0       0      21        0.0%
SFR20                0      0       0      21        0.0%
BITSFR21             0      0       0      22        0.0%
SFR21                0      0       0      22        0.0%
BITSFR22             0      0       0      23        0.0%
SFR22                0      0       0      23        0.0%
BITSFR23             0      0       0      24        0.0%
SFR23                0      0       0      24        0.0%
BITSFR24             0      0       0      25        0.0%
SFR24                0      0       0      25        0.0%
BITSFR25             0      0       0      26        0.0%
SFR25                0      0       0      26        0.0%
BITSFR26             0      0       0      27        0.0%
SFR26                0      0       0      27        0.0%
BITSFR27             0      0       0      28        0.0%
SFR27                0      0       0      28        0.0%
BITSFR28             0      0       0      29        0.0%
SFR28                0      0       0      29        0.0%
BITSFR29             0      0       0      30        0.0%
SFR29                0      0       0      30        0.0%
BITSFR30             0      0       0      31        0.0%
SFR30                0      0       0      31        0.0%
BITSFR31             0      0       0      32        0.0%
SFR31                0      0       0      32        0.0%


Microchip Technology PIC Macro Assembler V1.21 build 54009 
Symbol Table                                                                                   Tue Jan 14 17:57:10 2014

                     PL2 07E9                       l42 0747                       l44 074E  
                     l45 074F                      l202 07DD                      l203 07DE  
                    l206 07E4                      l142 0725                      l207 07E5  
                    l190 07C8                      l182 07BA                      l191 07C9  
                    l183 07BB                      l194 07CF                      l186 07C1  
                    l178 07B3                      l195 07D0                      l187 07C2  
                    l179 07B4                      l198 07D6                      l199 07D7  
                    l735 0785                      l791 076E                      u117 0789  
           __CFG_BORV$HI 0000             __CFG_LVP$OFF 0000             __CFG_WRT$ALL 0000  
                   _main 0709          __end_of_AdcInit 079D             ?_initRFPorts 0070  
                   btemp 007E                     start 0002            __CFG_IESO$OFF 0000  
                  ?_main 0070            __CFG_WDTE$OFF 0000            __CFG_PWRTE$ON 0000  
         __CFG_FCMEN$OFF 0000    __end_of_SoftI2cTxByte 076E           __CFG_BOREN$OFF 0000  
                  wtemp0 007E       __size_of_SPI_Write 003E          __initialization 0707  
           __end_of_main 0729                   ??_main 0074                   _ADCON0 009D  
                 _ADCON1 009E                   _ADCON2 009F                ??_AdcInit 0070  
                 _ANSELA 018C                   _ANSELB 018D                   _ANSELC 018E  
                 _FVRCON 0117                   _OSCCON 0099            ??_SoftI2cInit 0074  
          ??_SoftI2cStop 0071               _SoftI2cNop 0785                   main@bf 0074  
      __end_of_SPI_Write 07E9  __end_of__initialization 0707     __size_of_initRFPorts 000E  
         __pcstackCOMMON 0070      __end_of_SoftI2cInit 073A      __end_of_SoftI2cStop 0785  
             __end_ofPL2 0800            ?_SoftI2cStart 0070              ?_SoftI2cNop 0070  
             __pmaintext 0709                  _AdcInit 078E           ??_SoftI2cStart 0071  
            _SoftI2cInit 0729              _SoftI2cStop 076E            SPI_Write@data 0070  
                __ptext0 0000                  __ptext1 07AB                  __ptext2 079D  
                __ptext3 078E                  __ptext4 0729                  __ptext5 076E  
                __ptext6 0745                  __ptext7 073A                  __ptext8 0785  
    __size_of_SoftI2cNop 0009     end_of_initialization 0707   __size_of_SoftI2cTxByte 0029  
              _PORTBbits 000D         __CFG_FOSC$INTOSC 0000                _TRISAbits 008C  
              _TRISBbits 008D                _TRISCbits 008E                _SPI_Write 07AB  
   __end_of_SoftI2cStart 0745      start_initialization 0707               ?_SPI_Write 0070  
          _SoftI2cTxByte 0745        SoftI2cTxByte@data 0072            ??_initRFPorts 0070  
           ??_SoftI2cNop 0070           ?_SoftI2cTxByte 0070       __end_of_SoftI2cNop 078E  
               ?_AdcInit 0070             ?_SoftI2cInit 0070             ?_SoftI2cStop 0070  
    __end_of_initRFPorts 07AB              ??_SPI_Write 0070                 _LATAbits 010C  
               _LATBbits 010D                 _LATCbits 010E    __size_of_SoftI2cStart 000B  
        ??_SoftI2cTxByte 0071                 _WPUBbits 020D         __size_of_AdcInit 000F  
           _SoftI2cStart 073A              _initRFPorts 079D           SoftI2cTxByte@i 0073  
          __size_of_main 0020     __size_of_SoftI2cInit 0011     __size_of_SoftI2cStop 0017  
