

Microchip Technology PIC PRO Macro Assembler V1.21 build 54009 
                                                                                               Fri Jan 17 11:03:08 2014

Microchip Technology Omniscient Code Generator (PRO mode) build 54009
     1                           	processor	16F1827
     2                           	opt	pw 120
     3                           	opt	pm
     4                           	psect	cinit,global,class=CODE,merge=1,delta=2
     5                           	psect	cstackCOMMON,global,class=COMMON,space=1,delta=1
     6                           	psect	pa_nodes,global,class=CODE,delta=2
     7                           	dabs	1,0x7E,2
     8  000A                     
     9                           	psect	cinit
    10  07FD                     start_initialization:	
    11                           ;psect for function _main
    12                           ; #config settings
    13                           
    14  07FD                     __initialization:	
    15  07FD                     end_of_initialization:	
    16                           ;End of C runtime variable initialization code
    17                           
    18  07FD                     __end_of__initialization:	
    19  07FD  0020               	movlb	0
    20  07FE  2FFF               	ljmp	l3	;jump to C main() function
    21  07FF                     __pmaintext:	
    22                           
    23                           ; 0 bytes @ 0x0
    24 ;;
    25 ;;Main: autosize = 0, tempsize = 0, incstack = 0, save=0
    26 ;;
    27 ;; *************** function _main *****************
    28 ;; Defined at:
    29 ;;		line 3 in file "main.c"
    30 ;; Parameters:    Size  Location     Type
    31 ;;		None
    32 ;; Auto vars:     Size  Location     Type
    33 ;;		None
    34 ;; Return value:  Size  Location     Type
    35 ;;		None               void
    36 ;; Registers used:
    37 ;;		None
    38 ;; Tracked objects:
    39 ;;		On entry : 17F/0
    40 ;;		On exit  : 17F/0
    41 ;;		Unchanged: 17F/0
    42 ;; Data sizes:     COMMON   BANK0   BANK1   BANK2   BANK3   BANK4
    43 ;;      Params:         0       0       0       0       0       0
    44 ;;      Locals:         0       0       0       0       0       0
    45 ;;      Temps:          0       0       0       0       0       0
    46 ;;      Totals:         0       0       0       0       0       0
    47 ;;Total ram usage:        0 bytes
    48 ;; This function calls:
    49 ;;		Nothing
    50 ;; This function is called by:
    51 ;;		Startup code after reset
    52 ;; This function uses a non-reentrant model
    53 ;;
    54  07FF                     _main:	
    55  07FF                     l3:	
    56                           ;incstack = 0
    57                           ; Regs used in _main: []
    58                           ;main.c: 4: while(1);
    59                           
    60  07FF  2FFF               	goto	l3
    61  0800                     __end_of_main:	
    62  007E                     btemp	set	126	;btemp
    63  007E                     wtemp0	set	126
    64                           
    65                           	psect	cstackCOMMON
    66  0000                     __pcstackCOMMON:	
    67  0000                     ?_main:	
    68  0000                     ??_main:	
    69                           ; 0 bytes @ 0x0
    70                           


Data Sizes:
    Strings     0
    Constant    0
    Data        0
    BSS         0
    Persistent  0
    Stack       0

Auto Spaces:
    Space          Size  Autos    Used
    COMMON           14      0       0
    BANK0            80      0       0
    BANK1            80      0       0
    BANK2            80      0       0
    BANK3            80      0       0
    BANK4            48      0       0

Pointer List with Targets:

    None.

Critical Paths under _main in COMMON

    None.

Critical Paths under _main in BANK0

    None.

Critical Paths under _main in BANK1

    None.

Critical Paths under _main in BANK2

    None.

Critical Paths under _main in BANK3

    None.

Critical Paths under _main in BANK4

    None.

Call Graph Tables:

 ---------------------------------------------------------------------------------
 (Depth) Function   	        Calls       Base Space   Used Autos Params    Refs
 ---------------------------------------------------------------------------------
 (0) _main                                                 0     0      0       0
 ---------------------------------------------------------------------------------
 Estimated maximum stack depth 0
 ---------------------------------------------------------------------------------

 Call Graph Graphs:

 _main (ROOT)

 Address spaces:
Name               Size   Autos  Total    Cost      Usage
BIGRAM             170      0       0       0        0.0%
EEDATA             100      0       0       0        0.0%
NULL                 0      0       0       0        0.0%
CODE                 0      0       0       0        0.0%
BITCOMMON            E      0       0       1        0.0%
BITSFR0              0      0       0       1        0.0%
SFR0                 0      0       0       1        0.0%
COMMON               E      0       0       2        0.0%
BITSFR1              0      0       0       2        0.0%
SFR1                 0      0       0       2        0.0%
BITSFR2              0      0       0       3        0.0%
SFR2                 0      0       0       3        0.0%
STACK                0      0       0       3        0.0%
BITSFR3              0      0       0       4        0.0%
SFR3                 0      0       0       4        0.0%
ABS                  0      0       0       4        0.0%
BITBANK0            50      0       0       5        0.0%
BITSFR4              0      0       0       5        0.0%
SFR4                 0      0       0       5        0.0%
BANK0               50      0       0       6        0.0%
BITSFR5              0      0       0       6        0.0%
SFR5                 0      0       0       6        0.0%
BITBANK1            50      0       0       7        0.0%
BITSFR6              0      0       0       7        0.0%
SFR6                 0      0       0       7        0.0%
BANK1               50      0       0       8        0.0%
BITSFR7              0      0       0       8        0.0%
SFR7                 0      0       0       8        0.0%
BITBANK2            50      0       0       9        0.0%
BITSFR8              0      0       0       9        0.0%
SFR8                 0      0       0       9        0.0%
BANK2               50      0       0      10        0.0%
BITSFR9              0      0       0      10        0.0%
SFR9                 0      0       0      10        0.0%
BITBANK3            50      0       0      11        0.0%
BITSFR10             0      0       0      11        0.0%
SFR10                0      0       0      11        0.0%
BANK3               50      0       0      12        0.0%
BITSFR11             0      0       0      12        0.0%
SFR11                0      0       0      12        0.0%
BITBANK4            30      0       0      13        0.0%
BITSFR12             0      0       0      13        0.0%
SFR12                0      0       0      13        0.0%
BANK4               30      0       0      14        0.0%
BITSFR13             0      0       0      14        0.0%
SFR13                0      0       0      14        0.0%
BITSFR14             0      0       0      15        0.0%
SFR14                0      0       0      15        0.0%
DATA                 0      0       0      15        0.0%
BITSFR15             0      0       0      16        0.0%
SFR15                0      0       0      16        0.0%
BITSFR16             0      0       0      17        0.0%
SFR16                0      0       0      17        0.0%
BITSFR17             0      0       0      18        0.0%
SFR17                0      0       0      18        0.0%
BITSFR18             0      0       0      19        0.0%
SFR18                0      0       0      19        0.0%
BITSFR19             0      0       0      20        0.0%
SFR19                0      0       0      20        0.0%
BITSFR20             0      0       0      21        0.0%
SFR20                0      0       0      21        0.0%
BITSFR21             0      0       0      22        0.0%
SFR21                0      0       0      22        0.0%
BITSFR22             0      0       0      23        0.0%
SFR22                0      0       0      23        0.0%
BITSFR23             0      0       0      24        0.0%
SFR23                0      0       0      24        0.0%
BITSFR24             0      0       0      25        0.0%
SFR24                0      0       0      25        0.0%
BITSFR25             0      0       0      26        0.0%
SFR25                0      0       0      26        0.0%
BITSFR26             0      0       0      27        0.0%
SFR26                0      0       0      27        0.0%
BITSFR27             0      0       0      28        0.0%
SFR27                0      0       0      28        0.0%
BITSFR28             0      0       0      29        0.0%
SFR28                0      0       0      29        0.0%
BITSFR29             0      0       0      30        0.0%
SFR29                0      0       0      30        0.0%
BITSFR30             0      0       0      31        0.0%
SFR30                0      0       0      31        0.0%
BITSFR31             0      0       0      32        0.0%
SFR31                0      0       0      32        0.0%


Microchip Technology PIC Macro Assembler V1.21 build 54009 
Symbol Table                                                                                   Fri Jan 17 11:03:08 2014

                      l3 07FF                     _main 07FF                     btemp 007E  
                   start 0002                    ?_main 0000                    wtemp0 007E  
        __initialization 07FD             __end_of_main 0800                   ??_main 0000  
__end_of__initialization 07FD           __pcstackCOMMON 0000               __pmaintext 07FF  
   end_of_initialization 07FD      start_initialization 07FD            __size_of_main 0001  
